[0.768s] Invoking command in '/home/tom1513/ros2_ws/src/mypkg': PYTHONPATH=/home/tom1513/ros2_ws/src/mypkg/build/mypkg/prefix_override:/home/tom1513/ros2_ws/src/mypkg/install/mypkg/lib/python3.8/site-packages:${PYTHONPATH} /usr/bin/python3 setup.py egg_info --egg-base build/mypkg build --build-base /home/tom1513/ros2_ws/src/mypkg/build/mypkg/build install --record /home/tom1513/ros2_ws/src/mypkg/build/mypkg/install.log --install-scripts $base/lib/mypkg --single-version-externally-managed
[0.935s] running egg_info
[0.936s] writing build/mypkg/mypkg.egg-info/PKG-INFO
[0.937s] writing dependency_links to build/mypkg/mypkg.egg-info/dependency_links.txt
[0.937s] writing entry points to build/mypkg/mypkg.egg-info/entry_points.txt
[0.937s] writing requirements to build/mypkg/mypkg.egg-info/requires.txt
[0.937s] writing top-level names to build/mypkg/mypkg.egg-info/top_level.txt
[0.966s] reading manifest file 'build/mypkg/mypkg.egg-info/SOURCES.txt'
[0.967s] writing manifest file 'build/mypkg/mypkg.egg-info/SOURCES.txt'
[0.967s] running build
[0.967s] running build_py
[0.967s] running install
[0.968s] running install_lib
[0.970s] running install_data
[0.970s] running install_egg_info
[0.972s] removing '/home/tom1513/ros2_ws/src/mypkg/install/mypkg/lib/python3.8/site-packages/mypkg-0.0.0-py3.8.egg-info' (and everything under it)
[0.972s] Copying build/mypkg/mypkg.egg-info to /home/tom1513/ros2_ws/src/mypkg/install/mypkg/lib/python3.8/site-packages/mypkg-0.0.0-py3.8.egg-info
[0.972s] running install_scripts
[0.987s] Installing listener script to /home/tom1513/ros2_ws/src/mypkg/install/mypkg/lib/mypkg
[0.987s] Installing talker script to /home/tom1513/ros2_ws/src/mypkg/install/mypkg/lib/mypkg
[0.988s] writing list of installed files to '/home/tom1513/ros2_ws/src/mypkg/build/mypkg/install.log'
[1.008s] Invoked command in '/home/tom1513/ros2_ws/src/mypkg' returned '0': PYTHONPATH=/home/tom1513/ros2_ws/src/mypkg/build/mypkg/prefix_override:/home/tom1513/ros2_ws/src/mypkg/install/mypkg/lib/python3.8/site-packages:${PYTHONPATH} /usr/bin/python3 setup.py egg_info --egg-base build/mypkg build --build-base /home/tom1513/ros2_ws/src/mypkg/build/mypkg/build install --record /home/tom1513/ros2_ws/src/mypkg/build/mypkg/install.log --install-scripts $base/lib/mypkg --single-version-externally-managed
