running egg_info
creating build/mypkg/mypkg.egg-info
writing build/mypkg/mypkg.egg-info/PKG-INFO
writing dependency_links to build/mypkg/mypkg.egg-info/dependency_links.txt
writing entry points to build/mypkg/mypkg.egg-info/entry_points.txt
writing requirements to build/mypkg/mypkg.egg-info/requires.txt
writing top-level names to build/mypkg/mypkg.egg-info/top_level.txt
writing manifest file 'build/mypkg/mypkg.egg-info/SOURCES.txt'
reading manifest file 'build/mypkg/mypkg.egg-info/SOURCES.txt'
writing manifest file 'build/mypkg/mypkg.egg-info/SOURCES.txt'
running build
running build_py
creating /home/tom1513/ros2_ws/src/mypkg/build/mypkg/build
creating /home/tom1513/ros2_ws/src/mypkg/build/mypkg/build/lib
creating /home/tom1513/ros2_ws/src/mypkg/build/mypkg/build/lib/mypkg
copying mypkg/talker.py -> /home/tom1513/ros2_ws/src/mypkg/build/mypkg/build/lib/mypkg
copying mypkg/listener.py -> /home/tom1513/ros2_ws/src/mypkg/build/mypkg/build/lib/mypkg
copying mypkg/__init__.py -> /home/tom1513/ros2_ws/src/mypkg/build/mypkg/build/lib/mypkg
running install
running install_lib
copying /home/tom1513/ros2_ws/src/mypkg/build/mypkg/build/lib/mypkg/talker.py -> /home/tom1513/ros2_ws/src/mypkg/install/mypkg/lib/python3.8/site-packages/mypkg
copying /home/tom1513/ros2_ws/src/mypkg/build/mypkg/build/lib/mypkg/listener.py -> /home/tom1513/ros2_ws/src/mypkg/install/mypkg/lib/python3.8/site-packages/mypkg
byte-compiling /home/tom1513/ros2_ws/src/mypkg/install/mypkg/lib/python3.8/site-packages/mypkg/talker.py to talker.cpython-38.pyc
byte-compiling /home/tom1513/ros2_ws/src/mypkg/install/mypkg/lib/python3.8/site-packages/mypkg/listener.py to listener.cpython-38.pyc
running install_data
copying package.xml -> /home/tom1513/ros2_ws/src/mypkg/install/mypkg/share/mypkg
copying launch/talk_listen.launch.py -> /home/tom1513/ros2_ws/src/mypkg/install/mypkg/share/mypkg
running install_egg_info
removing '/home/tom1513/ros2_ws/src/mypkg/install/mypkg/lib/python3.8/site-packages/mypkg-0.0.0-py3.8.egg-info' (and everything under it)
Copying build/mypkg/mypkg.egg-info to /home/tom1513/ros2_ws/src/mypkg/install/mypkg/lib/python3.8/site-packages/mypkg-0.0.0-py3.8.egg-info
running install_scripts
Installing listener script to /home/tom1513/ros2_ws/src/mypkg/install/mypkg/lib/mypkg
Installing talker script to /home/tom1513/ros2_ws/src/mypkg/install/mypkg/lib/mypkg
writing list of installed files to '/home/tom1513/ros2_ws/src/mypkg/build/mypkg/install.log'
