[0.000000] (-) TimerEvent: {}
[0.000423] (mypkg) JobQueued: {'identifier': 'mypkg', 'dependencies': OrderedDict()}
[0.000447] (mypkg) JobStarted: {'identifier': 'mypkg'}
[0.099840] (-) TimerEvent: {}
[0.200727] (-) TimerEvent: {}
[0.301248] (-) TimerEvent: {}
[0.401904] (-) TimerEvent: {}
[0.490374] (mypkg) Command: {'cmd': ['/usr/bin/python3', 'setup.py', 'egg_info', '--egg-base', 'build/mypkg', 'build', '--build-base', '/home/tom1513/ros2_ws/src/mypkg/build/mypkg/build', 'install', '--record', '/home/tom1513/ros2_ws/src/mypkg/build/mypkg/install.log', '--install-scripts', '$base/lib/mypkg', '--single-version-externally-managed'], 'cwd': '/home/tom1513/ros2_ws/src/mypkg', 'env': {'USER': 'tom1513', 'SHLVL': '1', 'LD_LIBRARY_PATH': '/home/tom1513/ros2_ws/install/person_msgs/lib:/opt/ros/foxy/opt/yaml_cpp_vendor/lib:/opt/ros/foxy/opt/rviz_ogre_vendor/lib:/opt/ros/foxy/lib/x86_64-linux-gnu:/opt/ros/foxy/lib', 'MOTD_SHOWN': 'update-motd', 'HOME': '/home/tom1513', 'OLDPWD': '/home/tom1513/ros2_ws/src/mypkg/mypkg', 'ROS_PYTHON_VERSION': '3', 'WSL_DISTRO_NAME': 'Ubuntu-20.04', 'WAYLAND_DISPLAY': 'wayland-0', 'COLCON_PREFIX_PATH': '/home/tom1513/ros2_ws/install', 'ROS_DISTRO': 'foxy', 'LOGNAME': 'tom1513', 'NAME': 'shoumapc', 'WSL_INTEROP': '/run/WSL/72_interop', 'PULSE_SERVER': '/mnt/wslg/PulseServer', '_': '/usr/bin/colcon', 'ROS_VERSION': '2', 'TERM': 'xterm-256color', 'ROS_LOCALHOST_ONLY': '1', 'PATH': '/opt/ros/foxy/bin:/usr/local/sbin:/usr/local/bin:/usr/sbin:/usr/bin:/sbin:/bin:/usr/games:/usr/local/games:/usr/lib/wsl/lib:/mnt/c/Program Files/Common Files/Oracle/Java/javapath:/mnt/c/Program Files (x86)/Common Files/Oracle/Java/javapath:/mnt/c/WINDOWS/system32:/mnt/c/WINDOWS:/mnt/c/WINDOWS/System32/Wbem:/mnt/c/WINDOWS/System32/WindowsPowerShell/v1.0/:/mnt/c/WINDOWS/System32/OpenSSH/:/mnt/c/Program Files/dotnet/:/mnt/c/Program Files/Microsoft SQL Server/120/Tools/Binn/:/mnt/c/Program Files/MATLAB/R2023a/bin:/mnt/c/Program Files/PowerShell/7/:/mnt/c/Users/shoum/AppData/Local/Microsoft/WindowsApps:/mnt/c/Users/shoum/AppData/Local/Programs/Microsoft VS Code/bin:/snap/bin', 'XDG_RUNTIME_DIR': '/mnt/wslg/runtime-dir', 'DISPLAY': ':0', 'LANG': 'ja_JP.UTF8', 'AMENT_PREFIX_PATH': '/home/tom1513/ros2_ws/install/person_msgs:/home/tom1513/ros2_ws/install/mypkg:/opt/ros/foxy', 'SHELL': '/bin/bash', 'PWD': '/home/tom1513/ros2_ws/src/mypkg/build/mypkg', 'XDG_DATA_DIRS': '/usr/local/share:/usr/share:/var/lib/snapd/desktop', 'PYTHONPATH': '/home/tom1513/ros2_ws/src/mypkg/build/mypkg/prefix_override:/home/tom1513/ros2_ws/src/mypkg/install/mypkg/lib/python3.8/site-packages:/home/tom1513/ros2_ws/install/person_msgs/lib/python3.8/site-packages:/home/tom1513/ros2_ws/install/mypkg/lib/python3.8/site-packages:/opt/ros/foxy/lib/python3.8/site-packages', 'COLCON': '1', 'HOSTTYPE': 'x86_64', 'CMAKE_PREFIX_PATH': '/home/tom1513/ros2_ws/install/person_msgs', 'WSLENV': ''}, 'shell': False}
[0.502128] (-) TimerEvent: {}
[0.602248] (mypkg) StdoutLine: {'line': b'running egg_info\n'}
[0.602625] (-) TimerEvent: {}
[0.602736] (mypkg) StdoutLine: {'line': b'writing build/mypkg/mypkg.egg-info/PKG-INFO\n'}
[0.604016] (mypkg) StdoutLine: {'line': b'writing dependency_links to build/mypkg/mypkg.egg-info/dependency_links.txt\n'}
[0.604151] (mypkg) StdoutLine: {'line': b'writing entry points to build/mypkg/mypkg.egg-info/entry_points.txt\n'}
[0.604223] (mypkg) StdoutLine: {'line': b'writing requirements to build/mypkg/mypkg.egg-info/requires.txt\n'}
[0.604271] (mypkg) StdoutLine: {'line': b'writing top-level names to build/mypkg/mypkg.egg-info/top_level.txt\n'}
[0.623640] (mypkg) StdoutLine: {'line': b"reading manifest file 'build/mypkg/mypkg.egg-info/SOURCES.txt'\n"}
[0.625315] (mypkg) StdoutLine: {'line': b"writing manifest file 'build/mypkg/mypkg.egg-info/SOURCES.txt'\n"}
[0.625440] (mypkg) StdoutLine: {'line': b'running build\n'}
[0.625490] (mypkg) StdoutLine: {'line': b'running build_py\n'}
[0.626644] (mypkg) StdoutLine: {'line': b'copying mypkg/talker.py -> /home/tom1513/ros2_ws/src/mypkg/build/mypkg/build/lib/mypkg\n'}
[0.627010] (mypkg) StdoutLine: {'line': b'copying mypkg/listener.py -> /home/tom1513/ros2_ws/src/mypkg/build/mypkg/build/lib/mypkg\n'}
[0.627124] (mypkg) StdoutLine: {'line': b'running install\n'}
[0.627631] (mypkg) StdoutLine: {'line': b'running install_lib\n'}
[0.629247] (mypkg) StdoutLine: {'line': b'copying /home/tom1513/ros2_ws/src/mypkg/build/mypkg/build/lib/mypkg/talker.py -> /home/tom1513/ros2_ws/src/mypkg/install/mypkg/lib/python3.8/site-packages/mypkg\n'}
[0.629661] (mypkg) StdoutLine: {'line': b'copying /home/tom1513/ros2_ws/src/mypkg/build/mypkg/build/lib/mypkg/listener.py -> /home/tom1513/ros2_ws/src/mypkg/install/mypkg/lib/python3.8/site-packages/mypkg\n'}
[0.629918] (mypkg) StdoutLine: {'line': b'byte-compiling /home/tom1513/ros2_ws/src/mypkg/install/mypkg/lib/python3.8/site-packages/mypkg/talker.py to talker.cpython-38.pyc\n'}
[0.631354] (mypkg) StdoutLine: {'line': b'byte-compiling /home/tom1513/ros2_ws/src/mypkg/install/mypkg/lib/python3.8/site-packages/mypkg/listener.py to listener.cpython-38.pyc\n'}
[0.631691] (mypkg) StdoutLine: {'line': b'running install_data\n'}
[0.632620] (mypkg) StdoutLine: {'line': b'running install_egg_info\n'}
[0.633671] (mypkg) StdoutLine: {'line': b"removing '/home/tom1513/ros2_ws/src/mypkg/install/mypkg/lib/python3.8/site-packages/mypkg-0.0.0-py3.8.egg-info' (and everything under it)\n"}
[0.633938] (mypkg) StdoutLine: {'line': b'Copying build/mypkg/mypkg.egg-info to /home/tom1513/ros2_ws/src/mypkg/install/mypkg/lib/python3.8/site-packages/mypkg-0.0.0-py3.8.egg-info\n'}
[0.634582] (mypkg) StdoutLine: {'line': b'running install_scripts\n'}
[0.644869] (mypkg) StdoutLine: {'line': b'Installing listener script to /home/tom1513/ros2_ws/src/mypkg/install/mypkg/lib/mypkg\n'}
[0.645378] (mypkg) StdoutLine: {'line': b'Installing talker script to /home/tom1513/ros2_ws/src/mypkg/install/mypkg/lib/mypkg\n'}
[0.645591] (mypkg) StdoutLine: {'line': b"writing list of installed files to '/home/tom1513/ros2_ws/src/mypkg/build/mypkg/install.log'\n"}
[0.658047] (mypkg) CommandEnded: {'returncode': 0}
[0.703412] (-) TimerEvent: {}
[0.716430] (mypkg) JobEnded: {'identifier': 'mypkg', 'rc': 0}
[0.716812] (-) EventReactorShutdown: {}
