[1.328s] Invoking command in '/home/tom1513/ros2_ws/src/mypkg': PYTHONPATH=/home/tom1513/ros2_ws/src/mypkg/build/mypkg/prefix_override:/home/tom1513/ros2_ws/src/mypkg/install/mypkg/lib/python3.8/site-packages:${PYTHONPATH} /usr/bin/python3 setup.py egg_info --egg-base build/mypkg build --build-base /home/tom1513/ros2_ws/src/mypkg/build/mypkg/build install --record /home/tom1513/ros2_ws/src/mypkg/build/mypkg/install.log --install-scripts $base/lib/mypkg --single-version-externally-managed
[1.511s] running egg_info
[1.511s] creating build/mypkg/mypkg.egg-info
[1.512s] writing build/mypkg/mypkg.egg-info/PKG-INFO
[1.512s] writing dependency_links to build/mypkg/mypkg.egg-info/dependency_links.txt
[1.512s] writing entry points to build/mypkg/mypkg.egg-info/entry_points.txt
[1.512s] writing requirements to build/mypkg/mypkg.egg-info/requires.txt
[1.512s] writing top-level names to build/mypkg/mypkg.egg-info/top_level.txt
[1.566s] writing manifest file 'build/mypkg/mypkg.egg-info/SOURCES.txt'
[1.621s] reading manifest file 'build/mypkg/mypkg.egg-info/SOURCES.txt'
[1.622s] writing manifest file 'build/mypkg/mypkg.egg-info/SOURCES.txt'
[1.623s] running build
[1.623s] running build_py
[1.623s] creating /home/tom1513/ros2_ws/src/mypkg/build/mypkg/build
[1.623s] creating /home/tom1513/ros2_ws/src/mypkg/build/mypkg/build/lib
[1.623s] creating /home/tom1513/ros2_ws/src/mypkg/build/mypkg/build/lib/mypkg
[1.623s] copying mypkg/talker.py -> /home/tom1513/ros2_ws/src/mypkg/build/mypkg/build/lib/mypkg
[1.623s] copying mypkg/listener.py -> /home/tom1513/ros2_ws/src/mypkg/build/mypkg/build/lib/mypkg
[1.624s] copying mypkg/__init__.py -> /home/tom1513/ros2_ws/src/mypkg/build/mypkg/build/lib/mypkg
[1.624s] running install
[1.625s] running install_lib
[1.626s] creating /home/tom1513/ros2_ws/src/mypkg/install/mypkg/lib/python3.8/site-packages/mypkg
[1.626s] copying /home/tom1513/ros2_ws/src/mypkg/build/mypkg/build/lib/mypkg/talker.py -> /home/tom1513/ros2_ws/src/mypkg/install/mypkg/lib/python3.8/site-packages/mypkg
[1.626s] copying /home/tom1513/ros2_ws/src/mypkg/build/mypkg/build/lib/mypkg/listener.py -> /home/tom1513/ros2_ws/src/mypkg/install/mypkg/lib/python3.8/site-packages/mypkg
[1.626s] copying /home/tom1513/ros2_ws/src/mypkg/build/mypkg/build/lib/mypkg/__init__.py -> /home/tom1513/ros2_ws/src/mypkg/install/mypkg/lib/python3.8/site-packages/mypkg
[1.627s] byte-compiling /home/tom1513/ros2_ws/src/mypkg/install/mypkg/lib/python3.8/site-packages/mypkg/talker.py to talker.cpython-38.pyc
[1.629s] byte-compiling /home/tom1513/ros2_ws/src/mypkg/install/mypkg/lib/python3.8/site-packages/mypkg/listener.py to listener.cpython-38.pyc
[1.629s] byte-compiling /home/tom1513/ros2_ws/src/mypkg/install/mypkg/lib/python3.8/site-packages/mypkg/__init__.py to __init__.cpython-38.pyc
[1.629s] running install_data
[1.630s] creating /home/tom1513/ros2_ws/src/mypkg/install/mypkg/share/ament_index
[1.630s] creating /home/tom1513/ros2_ws/src/mypkg/install/mypkg/share/ament_index/resource_index
[1.630s] creating /home/tom1513/ros2_ws/src/mypkg/install/mypkg/share/ament_index/resource_index/packages
[1.630s] copying resource/mypkg -> /home/tom1513/ros2_ws/src/mypkg/install/mypkg/share/ament_index/resource_index/packages
[1.630s] copying package.xml -> /home/tom1513/ros2_ws/src/mypkg/install/mypkg/share/mypkg
[1.631s] running install_egg_info
[1.632s] Copying build/mypkg/mypkg.egg-info to /home/tom1513/ros2_ws/src/mypkg/install/mypkg/lib/python3.8/site-packages/mypkg-0.0.0-py3.8.egg-info
[1.632s] running install_scripts
[1.647s] Installing listener script to /home/tom1513/ros2_ws/src/mypkg/install/mypkg/lib/mypkg
[1.647s] Installing talker script to /home/tom1513/ros2_ws/src/mypkg/install/mypkg/lib/mypkg
[1.648s] writing list of installed files to '/home/tom1513/ros2_ws/src/mypkg/build/mypkg/install.log'
[1.674s] Invoked command in '/home/tom1513/ros2_ws/src/mypkg' returned '0': PYTHONPATH=/home/tom1513/ros2_ws/src/mypkg/build/mypkg/prefix_override:/home/tom1513/ros2_ws/src/mypkg/install/mypkg/lib/python3.8/site-packages:${PYTHONPATH} /usr/bin/python3 setup.py egg_info --egg-base build/mypkg build --build-base /home/tom1513/ros2_ws/src/mypkg/build/mypkg/build install --record /home/tom1513/ros2_ws/src/mypkg/build/mypkg/install.log --install-scripts $base/lib/mypkg --single-version-externally-managed
