[0.000000] (-) TimerEvent: {}
[0.000407] (mypkg) JobQueued: {'identifier': 'mypkg', 'dependencies': OrderedDict()}
[0.001018] (mypkg) JobStarted: {'identifier': 'mypkg'}
[0.100230] (-) TimerEvent: {}
[0.200605] (-) TimerEvent: {}
[0.301050] (-) TimerEvent: {}
[0.401437] (-) TimerEvent: {}
[0.501845] (-) TimerEvent: {}
[0.577231] (mypkg) Command: {'cmd': ['/usr/bin/python3', 'setup.py', 'egg_info', '--egg-base', 'build/mypkg', 'build', '--build-base', '/home/tom1513/ros2_ws/src/mypkg/build/mypkg/build', 'install', '--record', '/home/tom1513/ros2_ws/src/mypkg/build/mypkg/install.log', '--install-scripts', '$base/lib/mypkg', '--single-version-externally-managed'], 'cwd': '/home/tom1513/ros2_ws/src/mypkg', 'env': {'USER': 'tom1513', 'SHLVL': '1', 'LD_LIBRARY_PATH': '/opt/ros/foxy/opt/yaml_cpp_vendor/lib:/opt/ros/foxy/opt/rviz_ogre_vendor/lib:/opt/ros/foxy/lib/x86_64-linux-gnu:/opt/ros/foxy/lib', 'MOTD_SHOWN': 'update-motd', 'HOME': '/home/tom1513', 'OLDPWD': '/home/tom1513/ros2_ws/src/mypkg/launch', 'ROS_PYTHON_VERSION': '3', 'WSL_DISTRO_NAME': 'Ubuntu-20.04', 'WAYLAND_DISPLAY': 'wayland-0', 'COLCON_PREFIX_PATH': '/home/tom1513/ros2_ws/install', 'ROS_DISTRO': 'foxy', 'LOGNAME': 'tom1513', 'NAME': 'shoumapc', 'WSL_INTEROP': '/run/WSL/8_interop', 'PULSE_SERVER': '/mnt/wslg/PulseServer', '_': '/usr/bin/colcon', 'ROS_VERSION': '2', 'TERM': 'xterm-256color', 'ROS_LOCALHOST_ONLY': '1', 'PATH': '/opt/ros/foxy/bin:/usr/local/sbin:/usr/local/bin:/usr/sbin:/usr/bin:/sbin:/bin:/usr/games:/usr/local/games:/usr/lib/wsl/lib:/mnt/c/Program Files/Common Files/Oracle/Java/javapath:/mnt/c/Program Files (x86)/Common Files/Oracle/Java/javapath:/mnt/c/WINDOWS/system32:/mnt/c/WINDOWS:/mnt/c/WINDOWS/System32/Wbem:/mnt/c/WINDOWS/System32/WindowsPowerShell/v1.0/:/mnt/c/WINDOWS/System32/OpenSSH/:/mnt/c/Program Files/dotnet/:/mnt/c/Program Files/Microsoft SQL Server/120/Tools/Binn/:/mnt/c/Program Files/MATLAB/R2023a/bin:/mnt/c/Program Files/PowerShell/7/:/mnt/c/Users/shoum/AppData/Local/Microsoft/WindowsApps:/mnt/c/Users/shoum/AppData/Local/Programs/Microsoft VS Code/bin:/snap/bin', 'XDG_RUNTIME_DIR': '/mnt/wslg/runtime-dir', 'DISPLAY': ':0', 'LANG': 'ja_JP.UTF8', 'AMENT_PREFIX_PATH': '/home/tom1513/ros2_ws/install/mypkg:/opt/ros/foxy', 'SHELL': '/bin/bash', 'PWD': '/home/tom1513/ros2_ws/src/mypkg/build/mypkg', 'XDG_DATA_DIRS': '/usr/local/share:/usr/share:/var/lib/snapd/desktop', 'PYTHONPATH': '/home/tom1513/ros2_ws/src/mypkg/build/mypkg/prefix_override:/home/tom1513/ros2_ws/src/mypkg/install/mypkg/lib/python3.8/site-packages:/home/tom1513/ros2_ws/install/mypkg/lib/python3.8/site-packages:/opt/ros/foxy/lib/python3.8/site-packages', 'COLCON': '1', 'HOSTTYPE': 'x86_64', 'WSLENV': ''}, 'shell': False}
[0.602243] (-) TimerEvent: {}
[0.683294] (mypkg) StdoutLine: {'line': b'running egg_info\n'}
[0.683640] (mypkg) StdoutLine: {'line': b'creating build/mypkg/mypkg.egg-info\n'}
[0.683863] (mypkg) StdoutLine: {'line': b'writing build/mypkg/mypkg.egg-info/PKG-INFO\n'}
[0.683944] (mypkg) StdoutLine: {'line': b'writing dependency_links to build/mypkg/mypkg.egg-info/dependency_links.txt\n'}
[0.683988] (mypkg) StdoutLine: {'line': b'writing entry points to build/mypkg/mypkg.egg-info/entry_points.txt\n'}
[0.684028] (mypkg) StdoutLine: {'line': b'writing requirements to build/mypkg/mypkg.egg-info/requires.txt\n'}
[0.684065] (mypkg) StdoutLine: {'line': b'writing top-level names to build/mypkg/mypkg.egg-info/top_level.txt\n'}
[0.689900] (mypkg) StdoutLine: {'line': b"writing manifest file 'build/mypkg/mypkg.egg-info/SOURCES.txt'\n"}
[0.702446] (-) TimerEvent: {}
[0.708981] (mypkg) StdoutLine: {'line': b"reading manifest file 'build/mypkg/mypkg.egg-info/SOURCES.txt'\n"}
[0.709272] (mypkg) StdoutLine: {'line': b"writing manifest file 'build/mypkg/mypkg.egg-info/SOURCES.txt'\n"}
[0.709512] (mypkg) StdoutLine: {'line': b'running build\n'}
[0.709604] (mypkg) StdoutLine: {'line': b'running build_py\n'}
[0.709735] (mypkg) StdoutLine: {'line': b'creating /home/tom1513/ros2_ws/src/mypkg/build/mypkg/build\n'}
[0.709944] (mypkg) StdoutLine: {'line': b'creating /home/tom1513/ros2_ws/src/mypkg/build/mypkg/build/lib\n'}
[0.710044] (mypkg) StdoutLine: {'line': b'creating /home/tom1513/ros2_ws/src/mypkg/build/mypkg/build/lib/mypkg\n'}
[0.710115] (mypkg) StdoutLine: {'line': b'copying mypkg/talker.py -> /home/tom1513/ros2_ws/src/mypkg/build/mypkg/build/lib/mypkg\n'}
[0.710866] (mypkg) StdoutLine: {'line': b'copying mypkg/listener.py -> /home/tom1513/ros2_ws/src/mypkg/build/mypkg/build/lib/mypkg\n'}
[0.711401] (mypkg) StdoutLine: {'line': b'copying mypkg/__init__.py -> /home/tom1513/ros2_ws/src/mypkg/build/mypkg/build/lib/mypkg\n'}
[0.711681] (mypkg) StdoutLine: {'line': b'running install\n'}
[0.712293] (mypkg) StdoutLine: {'line': b'running install_lib\n'}
[0.712713] (mypkg) StdoutLine: {'line': b'creating /home/tom1513/ros2_ws/src/mypkg/install/mypkg/lib/python3.8/site-packages/mypkg\n'}
[0.712838] (mypkg) StdoutLine: {'line': b'copying /home/tom1513/ros2_ws/src/mypkg/build/mypkg/build/lib/mypkg/talker.py -> /home/tom1513/ros2_ws/src/mypkg/install/mypkg/lib/python3.8/site-packages/mypkg\n'}
[0.712896] (mypkg) StdoutLine: {'line': b'copying /home/tom1513/ros2_ws/src/mypkg/build/mypkg/build/lib/mypkg/listener.py -> /home/tom1513/ros2_ws/src/mypkg/install/mypkg/lib/python3.8/site-packages/mypkg\n'}
[0.713068] (mypkg) StdoutLine: {'line': b'copying /home/tom1513/ros2_ws/src/mypkg/build/mypkg/build/lib/mypkg/__init__.py -> /home/tom1513/ros2_ws/src/mypkg/install/mypkg/lib/python3.8/site-packages/mypkg\n'}
[0.713233] (mypkg) StdoutLine: {'line': b'byte-compiling /home/tom1513/ros2_ws/src/mypkg/install/mypkg/lib/python3.8/site-packages/mypkg/talker.py to talker.cpython-38.pyc\n'}
[0.714144] (mypkg) StdoutLine: {'line': b'byte-compiling /home/tom1513/ros2_ws/src/mypkg/install/mypkg/lib/python3.8/site-packages/mypkg/listener.py to listener.cpython-38.pyc\n'}
[0.714300] (mypkg) StdoutLine: {'line': b'byte-compiling /home/tom1513/ros2_ws/src/mypkg/install/mypkg/lib/python3.8/site-packages/mypkg/__init__.py to __init__.cpython-38.pyc\n'}
[0.714458] (mypkg) StdoutLine: {'line': b'running install_data\n'}
[0.714625] (mypkg) StdoutLine: {'line': b'creating /home/tom1513/ros2_ws/src/mypkg/install/mypkg/share/ament_index\n'}
[0.714738] (mypkg) StdoutLine: {'line': b'creating /home/tom1513/ros2_ws/src/mypkg/install/mypkg/share/ament_index/resource_index\n'}
[0.714936] (mypkg) StdoutLine: {'line': b'creating /home/tom1513/ros2_ws/src/mypkg/install/mypkg/share/ament_index/resource_index/packages\n'}
[0.715035] (mypkg) StdoutLine: {'line': b'copying resource/mypkg -> /home/tom1513/ros2_ws/src/mypkg/install/mypkg/share/ament_index/resource_index/packages\n'}
[0.715146] (mypkg) StdoutLine: {'line': b'copying package.xml -> /home/tom1513/ros2_ws/src/mypkg/install/mypkg/share/mypkg\n'}
[0.715325] (mypkg) StdoutLine: {'line': b'copying launch/talk_listen.launch.py -> /home/tom1513/ros2_ws/src/mypkg/install/mypkg/share/mypkg\n'}
[0.715374] (mypkg) StdoutLine: {'line': b'running install_egg_info\n'}
[0.716123] (mypkg) StdoutLine: {'line': b'Copying build/mypkg/mypkg.egg-info to /home/tom1513/ros2_ws/src/mypkg/install/mypkg/lib/python3.8/site-packages/mypkg-0.0.0-py3.8.egg-info\n'}
[0.716526] (mypkg) StdoutLine: {'line': b'running install_scripts\n'}
[0.726648] (mypkg) StdoutLine: {'line': b'Installing listener script to /home/tom1513/ros2_ws/src/mypkg/install/mypkg/lib/mypkg\n'}
[0.726873] (mypkg) StdoutLine: {'line': b'Installing talker script to /home/tom1513/ros2_ws/src/mypkg/install/mypkg/lib/mypkg\n'}
[0.727132] (mypkg) StdoutLine: {'line': b"writing list of installed files to '/home/tom1513/ros2_ws/src/mypkg/build/mypkg/install.log'\n"}
[0.739529] (mypkg) CommandEnded: {'returncode': 0}
[0.802893] (-) TimerEvent: {}
[0.813421] (mypkg) JobEnded: {'identifier': 'mypkg', 'rc': 0}
[0.813839] (-) EventReactorShutdown: {}
