[0.579s] Invoking command in '/home/tom1513/ros2_ws/src/mypkg': PYTHONPATH=/home/tom1513/ros2_ws/src/mypkg/build/mypkg/prefix_override:/home/tom1513/ros2_ws/src/mypkg/install/mypkg/lib/python3.8/site-packages:${PYTHONPATH} /usr/bin/python3 setup.py egg_info --egg-base build/mypkg build --build-base /home/tom1513/ros2_ws/src/mypkg/build/mypkg/build install --record /home/tom1513/ros2_ws/src/mypkg/build/mypkg/install.log --install-scripts $base/lib/mypkg --single-version-externally-managed
[0.683s] running egg_info
[0.683s] creating build/mypkg/mypkg.egg-info
[0.683s] writing build/mypkg/mypkg.egg-info/PKG-INFO
[0.683s] writing dependency_links to build/mypkg/mypkg.egg-info/dependency_links.txt
[0.683s] writing entry points to build/mypkg/mypkg.egg-info/entry_points.txt
[0.683s] writing requirements to build/mypkg/mypkg.egg-info/requires.txt
[0.683s] writing top-level names to build/mypkg/mypkg.egg-info/top_level.txt
[0.689s] writing manifest file 'build/mypkg/mypkg.egg-info/SOURCES.txt'
[0.708s] reading manifest file 'build/mypkg/mypkg.egg-info/SOURCES.txt'
[0.708s] writing manifest file 'build/mypkg/mypkg.egg-info/SOURCES.txt'
[0.709s] running build
[0.709s] running build_py
[0.709s] creating /home/tom1513/ros2_ws/src/mypkg/build/mypkg/build
[0.709s] creating /home/tom1513/ros2_ws/src/mypkg/build/mypkg/build/lib
[0.709s] creating /home/tom1513/ros2_ws/src/mypkg/build/mypkg/build/lib/mypkg
[0.709s] copying mypkg/talker.py -> /home/tom1513/ros2_ws/src/mypkg/build/mypkg/build/lib/mypkg
[0.710s] copying mypkg/listener.py -> /home/tom1513/ros2_ws/src/mypkg/build/mypkg/build/lib/mypkg
[0.710s] copying mypkg/__init__.py -> /home/tom1513/ros2_ws/src/mypkg/build/mypkg/build/lib/mypkg
[0.711s] running install
[0.711s] running install_lib
[0.712s] creating /home/tom1513/ros2_ws/src/mypkg/install/mypkg/lib/python3.8/site-packages/mypkg
[0.712s] copying /home/tom1513/ros2_ws/src/mypkg/build/mypkg/build/lib/mypkg/talker.py -> /home/tom1513/ros2_ws/src/mypkg/install/mypkg/lib/python3.8/site-packages/mypkg
[0.712s] copying /home/tom1513/ros2_ws/src/mypkg/build/mypkg/build/lib/mypkg/listener.py -> /home/tom1513/ros2_ws/src/mypkg/install/mypkg/lib/python3.8/site-packages/mypkg
[0.712s] copying /home/tom1513/ros2_ws/src/mypkg/build/mypkg/build/lib/mypkg/__init__.py -> /home/tom1513/ros2_ws/src/mypkg/install/mypkg/lib/python3.8/site-packages/mypkg
[0.712s] byte-compiling /home/tom1513/ros2_ws/src/mypkg/install/mypkg/lib/python3.8/site-packages/mypkg/talker.py to talker.cpython-38.pyc
[0.713s] byte-compiling /home/tom1513/ros2_ws/src/mypkg/install/mypkg/lib/python3.8/site-packages/mypkg/listener.py to listener.cpython-38.pyc
[0.713s] byte-compiling /home/tom1513/ros2_ws/src/mypkg/install/mypkg/lib/python3.8/site-packages/mypkg/__init__.py to __init__.cpython-38.pyc
[0.713s] running install_data
[0.714s] creating /home/tom1513/ros2_ws/src/mypkg/install/mypkg/share/ament_index
[0.714s] creating /home/tom1513/ros2_ws/src/mypkg/install/mypkg/share/ament_index/resource_index
[0.714s] creating /home/tom1513/ros2_ws/src/mypkg/install/mypkg/share/ament_index/resource_index/packages
[0.714s] copying resource/mypkg -> /home/tom1513/ros2_ws/src/mypkg/install/mypkg/share/ament_index/resource_index/packages
[0.714s] copying package.xml -> /home/tom1513/ros2_ws/src/mypkg/install/mypkg/share/mypkg
[0.714s] copying launch/talk_listen.launch.py -> /home/tom1513/ros2_ws/src/mypkg/install/mypkg/share/mypkg
[0.714s] running install_egg_info
[0.715s] Copying build/mypkg/mypkg.egg-info to /home/tom1513/ros2_ws/src/mypkg/install/mypkg/lib/python3.8/site-packages/mypkg-0.0.0-py3.8.egg-info
[0.716s] running install_scripts
[0.726s] Installing listener script to /home/tom1513/ros2_ws/src/mypkg/install/mypkg/lib/mypkg
[0.726s] Installing talker script to /home/tom1513/ros2_ws/src/mypkg/install/mypkg/lib/mypkg
[0.726s] writing list of installed files to '/home/tom1513/ros2_ws/src/mypkg/build/mypkg/install.log'
[0.739s] Invoked command in '/home/tom1513/ros2_ws/src/mypkg' returned '0': PYTHONPATH=/home/tom1513/ros2_ws/src/mypkg/build/mypkg/prefix_override:/home/tom1513/ros2_ws/src/mypkg/install/mypkg/lib/python3.8/site-packages:${PYTHONPATH} /usr/bin/python3 setup.py egg_info --egg-base build/mypkg build --build-base /home/tom1513/ros2_ws/src/mypkg/build/mypkg/build install --record /home/tom1513/ros2_ws/src/mypkg/build/mypkg/install.log --install-scripts $base/lib/mypkg --single-version-externally-managed
