[0.000000] (-) TimerEvent: {}
[0.000672] (mypkg) JobQueued: {'identifier': 'mypkg', 'dependencies': OrderedDict()}
[0.001388] (mypkg) JobStarted: {'identifier': 'mypkg'}
[0.100109] (-) TimerEvent: {}
[0.200724] (-) TimerEvent: {}
[0.301310] (-) TimerEvent: {}
[0.401902] (-) TimerEvent: {}
[0.514473] (-) TimerEvent: {}
[0.614929] (-) TimerEvent: {}
[0.715461] (-) TimerEvent: {}
[0.816964] (-) TimerEvent: {}
[0.917464] (-) TimerEvent: {}
[1.018206] (-) TimerEvent: {}
[1.118705] (-) TimerEvent: {}
[1.219234] (-) TimerEvent: {}
[1.319736] (-) TimerEvent: {}
[1.325490] (mypkg) Command: {'cmd': ['/usr/bin/python3', 'setup.py', 'egg_info', '--egg-base', 'build/mypkg', 'build', '--build-base', '/home/tom1513/ros2_ws/src/mypkg/build/mypkg/build', 'install', '--record', '/home/tom1513/ros2_ws/src/mypkg/build/mypkg/install.log', '--install-scripts', '$base/lib/mypkg', '--single-version-externally-managed'], 'cwd': '/home/tom1513/ros2_ws/src/mypkg', 'env': {'USER': 'tom1513', 'SHLVL': '1', 'LD_LIBRARY_PATH': '/home/tom1513/ros2_ws/install/person_msgs/lib:/opt/ros/foxy/opt/yaml_cpp_vendor/lib:/opt/ros/foxy/opt/rviz_ogre_vendor/lib:/opt/ros/foxy/lib/x86_64-linux-gnu:/opt/ros/foxy/lib', 'HOME': '/home/tom1513', 'OLDPWD': '/home/tom1513/ros2_ws/src', 'ROS_PYTHON_VERSION': '3', 'WSL_DISTRO_NAME': 'Ubuntu-20.04', 'WAYLAND_DISPLAY': 'wayland-0', 'COLCON_PREFIX_PATH': '/home/tom1513/ros2_ws/install', 'ROS_DISTRO': 'foxy', 'LOGNAME': 'tom1513', 'NAME': 'shoumapc', 'WSL_INTEROP': '/run/WSL/30118_interop', 'PULSE_SERVER': '/mnt/wslg/PulseServer', '_': '/usr/bin/colcon', 'ROS_VERSION': '2', 'TERM': 'xterm-256color', 'ROS_LOCALHOST_ONLY': '1', 'PATH': '/opt/ros/foxy/bin:/usr/local/sbin:/usr/local/bin:/usr/sbin:/usr/bin:/sbin:/bin:/usr/games:/usr/local/games:/usr/lib/wsl/lib:/mnt/c/Program Files/Common Files/Oracle/Java/javapath:/mnt/c/Program Files (x86)/Common Files/Oracle/Java/javapath:/mnt/c/WINDOWS/system32:/mnt/c/WINDOWS:/mnt/c/WINDOWS/System32/Wbem:/mnt/c/WINDOWS/System32/WindowsPowerShell/v1.0/:/mnt/c/WINDOWS/System32/OpenSSH/:/mnt/c/Program Files/dotnet/:/mnt/c/Program Files/Microsoft SQL Server/120/Tools/Binn/:/mnt/c/Program Files/MATLAB/R2023a/bin:/mnt/c/Program Files/PowerShell/7/:/mnt/c/Users/shoum/AppData/Local/Microsoft/WindowsApps:/mnt/c/Users/shoum/AppData/Local/Programs/Microsoft VS Code/bin:/snap/bin', 'XDG_RUNTIME_DIR': '/mnt/wslg/runtime-dir', 'DISPLAY': ':0', 'LANG': 'ja_JP.UTF8', 'AMENT_PREFIX_PATH': '/home/tom1513/ros2_ws/install/person_msgs:/home/tom1513/ros2_ws/install/mypkg:/opt/ros/foxy', 'SHELL': '/bin/bash', 'PWD': '/home/tom1513/ros2_ws/src/mypkg/build/mypkg', 'XDG_DATA_DIRS': '/usr/local/share:/usr/share:/var/lib/snapd/desktop', 'PYTHONPATH': '/home/tom1513/ros2_ws/src/mypkg/build/mypkg/prefix_override:/home/tom1513/ros2_ws/src/mypkg/install/mypkg/lib/python3.8/site-packages:/home/tom1513/ros2_ws/install/person_msgs/lib/python3.8/site-packages:/home/tom1513/ros2_ws/install/mypkg/lib/python3.8/site-packages:/opt/ros/foxy/lib/python3.8/site-packages', 'COLCON': '1', 'HOSTTYPE': 'x86_64', 'CMAKE_PREFIX_PATH': '/home/tom1513/ros2_ws/install/person_msgs', 'WSLENV': ''}, 'shell': False}
[1.419984] (-) TimerEvent: {}
[1.511943] (mypkg) StdoutLine: {'line': b'running egg_info\n'}
[1.512405] (mypkg) StdoutLine: {'line': b'creating build/mypkg/mypkg.egg-info\n'}
[1.513214] (mypkg) StdoutLine: {'line': b'writing build/mypkg/mypkg.egg-info/PKG-INFO\n'}
[1.513348] (mypkg) StdoutLine: {'line': b'writing dependency_links to build/mypkg/mypkg.egg-info/dependency_links.txt\n'}
[1.513439] (mypkg) StdoutLine: {'line': b'writing entry points to build/mypkg/mypkg.egg-info/entry_points.txt\n'}
[1.513507] (mypkg) StdoutLine: {'line': b'writing requirements to build/mypkg/mypkg.egg-info/requires.txt\n'}
[1.513582] (mypkg) StdoutLine: {'line': b'writing top-level names to build/mypkg/mypkg.egg-info/top_level.txt\n'}
[1.520183] (-) TimerEvent: {}
[1.566910] (mypkg) StdoutLine: {'line': b"writing manifest file 'build/mypkg/mypkg.egg-info/SOURCES.txt'\n"}
[1.620337] (-) TimerEvent: {}
[1.622611] (mypkg) StdoutLine: {'line': b"reading manifest file 'build/mypkg/mypkg.egg-info/SOURCES.txt'\n"}
[1.623499] (mypkg) StdoutLine: {'line': b"writing manifest file 'build/mypkg/mypkg.egg-info/SOURCES.txt'\n"}
[1.624133] (mypkg) StdoutLine: {'line': b'running build\n'}
[1.624291] (mypkg) StdoutLine: {'line': b'running build_py\n'}
[1.624382] (mypkg) StdoutLine: {'line': b'creating /home/tom1513/ros2_ws/src/mypkg/build/mypkg/build\n'}
[1.624462] (mypkg) StdoutLine: {'line': b'creating /home/tom1513/ros2_ws/src/mypkg/build/mypkg/build/lib\n'}
[1.624556] (mypkg) StdoutLine: {'line': b'creating /home/tom1513/ros2_ws/src/mypkg/build/mypkg/build/lib/mypkg\n'}
[1.624648] (mypkg) StdoutLine: {'line': b'copying mypkg/talker.py -> /home/tom1513/ros2_ws/src/mypkg/build/mypkg/build/lib/mypkg\n'}
[1.624830] (mypkg) StdoutLine: {'line': b'copying mypkg/listener.py -> /home/tom1513/ros2_ws/src/mypkg/build/mypkg/build/lib/mypkg\n'}
[1.625260] (mypkg) StdoutLine: {'line': b'copying mypkg/__init__.py -> /home/tom1513/ros2_ws/src/mypkg/build/mypkg/build/lib/mypkg\n'}
[1.625545] (mypkg) StdoutLine: {'line': b'running install\n'}
[1.626349] (mypkg) StdoutLine: {'line': b'running install_lib\n'}
[1.627132] (mypkg) StdoutLine: {'line': b'creating /home/tom1513/ros2_ws/src/mypkg/install/mypkg/lib/python3.8/site-packages/mypkg\n'}
[1.627508] (mypkg) StdoutLine: {'line': b'copying /home/tom1513/ros2_ws/src/mypkg/build/mypkg/build/lib/mypkg/talker.py -> /home/tom1513/ros2_ws/src/mypkg/install/mypkg/lib/python3.8/site-packages/mypkg\n'}
[1.627627] (mypkg) StdoutLine: {'line': b'copying /home/tom1513/ros2_ws/src/mypkg/build/mypkg/build/lib/mypkg/listener.py -> /home/tom1513/ros2_ws/src/mypkg/install/mypkg/lib/python3.8/site-packages/mypkg\n'}
[1.627831] (mypkg) StdoutLine: {'line': b'copying /home/tom1513/ros2_ws/src/mypkg/build/mypkg/build/lib/mypkg/__init__.py -> /home/tom1513/ros2_ws/src/mypkg/install/mypkg/lib/python3.8/site-packages/mypkg\n'}
[1.628473] (mypkg) StdoutLine: {'line': b'byte-compiling /home/tom1513/ros2_ws/src/mypkg/install/mypkg/lib/python3.8/site-packages/mypkg/talker.py to talker.cpython-38.pyc\n'}
[1.630042] (mypkg) StdoutLine: {'line': b'byte-compiling /home/tom1513/ros2_ws/src/mypkg/install/mypkg/lib/python3.8/site-packages/mypkg/listener.py to listener.cpython-38.pyc\n'}
[1.630369] (mypkg) StdoutLine: {'line': b'byte-compiling /home/tom1513/ros2_ws/src/mypkg/install/mypkg/lib/python3.8/site-packages/mypkg/__init__.py to __init__.cpython-38.pyc\n'}
[1.630735] (mypkg) StdoutLine: {'line': b'running install_data\n'}
[1.630979] (mypkg) StdoutLine: {'line': b'creating /home/tom1513/ros2_ws/src/mypkg/install/mypkg/share/ament_index\n'}
[1.631194] (mypkg) StdoutLine: {'line': b'creating /home/tom1513/ros2_ws/src/mypkg/install/mypkg/share/ament_index/resource_index\n'}
[1.631295] (mypkg) StdoutLine: {'line': b'creating /home/tom1513/ros2_ws/src/mypkg/install/mypkg/share/ament_index/resource_index/packages\n'}
[1.631730] (mypkg) StdoutLine: {'line': b'copying resource/mypkg -> /home/tom1513/ros2_ws/src/mypkg/install/mypkg/share/ament_index/resource_index/packages\n'}
[1.631834] (mypkg) StdoutLine: {'line': b'copying package.xml -> /home/tom1513/ros2_ws/src/mypkg/install/mypkg/share/mypkg\n'}
[1.632000] (mypkg) StdoutLine: {'line': b'running install_egg_info\n'}
[1.633049] (mypkg) StdoutLine: {'line': b'Copying build/mypkg/mypkg.egg-info to /home/tom1513/ros2_ws/src/mypkg/install/mypkg/lib/python3.8/site-packages/mypkg-0.0.0-py3.8.egg-info\n'}
[1.633743] (mypkg) StdoutLine: {'line': b'running install_scripts\n'}
[1.648287] (mypkg) StdoutLine: {'line': b'Installing listener script to /home/tom1513/ros2_ws/src/mypkg/install/mypkg/lib/mypkg\n'}
[1.648582] (mypkg) StdoutLine: {'line': b'Installing talker script to /home/tom1513/ros2_ws/src/mypkg/install/mypkg/lib/mypkg\n'}
[1.649022] (mypkg) StdoutLine: {'line': b"writing list of installed files to '/home/tom1513/ros2_ws/src/mypkg/build/mypkg/install.log'\n"}
[1.672992] (mypkg) CommandEnded: {'returncode': 0}
[1.735038] (-) TimerEvent: {}
[1.793837] (mypkg) JobEnded: {'identifier': 'mypkg', 'rc': 0}
[1.794752] (-) EventReactorShutdown: {}
